2015-12-20 11:41:57 [ERROR] エラー Broken pipe
2015-12-20 11:41:57 [WARNING] 接続が切れました
2015-12-20 11:41:58 [NOTICE] DBを閉じて終了しました
2015-12-20 13:41:10 [ERROR] エラー Broken pipe
2015-12-20 13:41:10 [WARNING] 接続が切れました
2015-12-20 13:43:02 [ERROR] エラー Broken pipe
2015-12-20 13:43:02 [WARNING] 接続が切れました
2015-12-20 13:46:11 [NOTICE] DBを閉じて終了しました
2015-12-20 13:52:16 [NOTICE] DBを閉じて終了しました
2015-12-20 16:45:57 [ERROR] エラー timeout
2015-12-20 16:45:57 [WARNING] 接続が切れました
2015-12-20 16:47:19 [ERROR] エラー timeout
2015-12-20 16:47:19 [WARNING] 接続が切れました
2015-12-20 16:47:41 [NOTICE] DBを閉じて終了しました
2015-12-20 16:48:05 [ERROR] APIの制限に達しているので、どうにかするコードを自己責任で書く必要があります。
2015-12-20 16:48:05 [WARNING] 接続が切れました
2015-12-20 16:48:06 [ERROR] APIの制限に達しているので、どうにかするコードを自己責任で書く必要があります。
2015-12-20 16:48:06 [WARNING] 接続が切れました
2015-12-20 16:48:09 [ERROR] APIの制限に達しているので、どうにかするコードを自己責任で書く必要があります。
2015-12-20 16:48:09 [WARNING] 接続が切れました
2015-12-20 16:48:11 [ERROR] APIの制限に達しているので、どうにかするコードを自己責任で書く必要があります。
2015-12-20 16:48:11 [WARNING] 接続が切れました
2015-12-20 16:48:11 [NOTICE] DBを閉じて終了しました
2015-12-20 16:50:21 [ERROR] APIの制限に達しているので、どうにかするコードを自己責任で書く必要があります。
2015-12-20 16:50:22 [ERROR] APIの制限に達しているので、どうにかするコードを自己責任で書く必要があります。
2015-12-20 16:50:22 [ERROR] APIの制限に達しているので、どうにかするコードを自己責任で書く必要があります。
2015-12-20 16:50:23 [ERROR] APIの制限に達しているので、どうにかするコードを自己責任で書く必要があります。
2015-12-20 16:50:23 [ERROR] APIの制限に達しているので、どうにかするコードを自己責任で書く必要があります。
2015-12-20 16:50:24 [ERROR] APIの制限に達しているので、どうにかするコードを自己責任で書く必要があります。
2015-12-20 16:50:29 [NOTICE] DBを閉じて終了しました
2015-12-20 17:48:34 [ERROR] エラー timeout
2015-12-20 17:48:34 [WARNING] 接続が切れました
2015-12-20 17:49:26 [ERROR] エラー Broken pipe
2015-12-20 17:49:26 [WARNING] 接続が切れました
2015-12-20 17:50:36 [ERROR] エラー Broken pipe
2015-12-20 17:50:36 [WARNING] 接続が切れました
2015-12-20 17:50:49 [ERROR] APIの制限に達しているので、どうにかするコードを自己責任で書く必要があります。
2015-12-20 17:50:49 [NOTICE] DBを閉じて終了しました
